This file contains any messages produced by compilers while
running configure, to aid debugging if configure makes a mistake.

It was created by parallel configure 20121122, which was
generated by GNU Autoconf 2.68.  Invocation command line was

  $ ./configure 

## --------- ##
## Platform. ##
## --------- ##

hostname = adecatur-Latitude-E6430s
uname -m = x86_64
uname -r = 3.5.0-49-generic
uname -s = Linux
uname -v = #74~precise1-Ubuntu SMP Fri May 2 21:32:31 UTC 2014

/usr/bin/uname -p = unknown
/bin/uname -X     = unknown

/bin/arch              = unknown
/usr/bin/arch -k       = unknown
/usr/convex/getsysinfo = unknown
/usr/bin/hostinfo      = unknown
/bin/machine           = unknown
/usr/bin/oslevel       = unknown
/bin/universe          = unknown

PATH: /usr/local/apache-maven-3.2.1/bin/
PATH: /usr/local/heroku/bin
PATH: /home/adecatur/.rvm/gems/ruby-2.0.0-p0/bin
PATH: /home/adecatur/.rvm/gems/ruby-2.0.0-p0@global/bin
PATH: /home/adecatur/.rvm/rubies/ruby-2.0.0-p0/bin
PATH: /home/adecatur/.rvm/bin
PATH: /usr/local/apache-maven-3.2.1/bin/
PATH: /usr/local/heroku/bin
PATH: /usr/lib/lightdm/lightdm
PATH: /usr/local/sbin
PATH: /usr/local/bin
PATH: /usr/sbin
PATH: /usr/bin
PATH: /sbin
PATH: /bin
PATH: /usr/games
PATH: /home/adecatur/bin
PATH: /usr/local/java/jdk1.6.0_43/bin
PATH: /home/adecatur/bin
PATH: /usr/local/java/jdk1.6.0_43/bin
PATH: /usr/games
PATH: /home/adecatur/.rvm/bin
PATH: /usr/games


## ----------- ##
## Core tests. ##
## ----------- ##

configure:1722: checking for a BSD-compatible install
configure:1790: result: /usr/bin/install -c
configure:1801: checking whether build environment is sane
configure:1851: result: yes
configure:1992: checking for a thread-safe mkdir -p
configure:2031: result: /bin/mkdir -p
configure:2044: checking for gawk
configure:2060: found /usr/local/bin/gawk
configure:2071: result: gawk
configure:2082: checking whether make sets $(MAKE)
configure:2104: result: yes
configure:2303: creating ./config.status

## ---------------------- ##
## Running config.status. ##
## ---------------------- ##

This file was extended by parallel config.status 20121122, which was
generated by GNU Autoconf 2.68.  Invocation command line was

  CONFIG_FILES    = 
  CONFIG_HEADERS  = 
  CONFIG_LINKS    = 
  CONFIG_COMMANDS = 
  $ ./config.status 

on adecatur-Latitude-E6430s

config.status:818: creating Makefile
config.status:818: creating src/Makefile
config.status:818: creating config.h

## ---------------- ##
## Cache variables. ##
## ---------------- ##

ac_cv_env_build_alias_set=
ac_cv_env_build_alias_value=
ac_cv_env_host_alias_set=
ac_cv_env_host_alias_value=
ac_cv_env_target_alias_set=
ac_cv_env_target_alias_value=
ac_cv_path_install='/usr/bin/install -c'
ac_cv_path_mkdir=/bin/mkdir
ac_cv_prog_AWK=gawk
ac_cv_prog_make_make_set=yes

## ----------------- ##
## Output variables. ##
## ----------------- ##

ACLOCAL='${SHELL} /home/adecatur/Downloads/junk2geo/parallel-20121122/missing --run aclocal-1.11'
AMTAR='$${TAR-tar}'
AUTOCONF='${SHELL} /home/adecatur/Downloads/junk2geo/parallel-20121122/missing --run autoconf'
AUTOHEADER='${SHELL} /home/adecatur/Downloads/junk2geo/parallel-20121122/missing --run autoheader'
AUTOMAKE='${SHELL} /home/adecatur/Downloads/junk2geo/parallel-20121122/missing --run automake-1.11'
AWK='gawk'
CYGPATH_W='echo'
DEFS='-DHAVE_CONFIG_H'
ECHO_C=''
ECHO_N='-n'
ECHO_T=''
INSTALL_DATA='${INSTALL} -m 644'
INSTALL_PROGRAM='${INSTALL}'
INSTALL_SCRIPT='${INSTALL}'
INSTALL_STRIP_PROGRAM='$(install_sh) -c -s'
LIBOBJS=''
LIBS=''
LTLIBOBJS=''
MAKEINFO='${SHELL} /home/adecatur/Downloads/junk2geo/parallel-20121122/missing --run makeinfo'
MKDIR_P='/bin/mkdir -p'
PACKAGE='parallel'
PACKAGE_BUGREPORT='bug-parallel@gnu.org'
PACKAGE_NAME='parallel'
PACKAGE_STRING='parallel 20121122'
PACKAGE_TARNAME='parallel'
PACKAGE_URL=''
PACKAGE_VERSION='20121122'
PATH_SEPARATOR=':'
SET_MAKE=''
SHELL='/bin/bash'
STRIP=''
VERSION='20121122'
am__isrc=''
am__leading_dot='.'
am__tar='$${TAR-tar} chof - "$$tardir"'
am__untar='$${TAR-tar} xf -'
bindir='${exec_prefix}/bin'
build_alias=''
datadir='${datarootdir}'
datarootdir='${prefix}/share'
docdir='${datarootdir}/doc/${PACKAGE_TARNAME}'
dvidir='${docdir}'
exec_prefix='${prefix}'
host_alias=''
htmldir='${docdir}'
includedir='${prefix}/include'
infodir='${datarootdir}/info'
install_sh='${SHELL} /home/adecatur/Downloads/junk2geo/parallel-20121122/install-sh'
libdir='${exec_prefix}/lib'
libexecdir='${exec_prefix}/libexec'
localedir='${datarootdir}/locale'
localstatedir='${prefix}/var'
mandir='${datarootdir}/man'
mkdir_p='/bin/mkdir -p'
oldincludedir='/usr/include'
pdfdir='${docdir}'
prefix='/usr/local'
program_transform_name='s,x,x,'
psdir='${docdir}'
sbindir='${exec_prefix}/sbin'
sharedstatedir='${prefix}/com'
sysconfdir='${prefix}/etc'
target_alias=''

## ----------- ##
## confdefs.h. ##
## ----------- ##

/* confdefs.h */
#define PACKAGE_NAME "parallel"
#define PACKAGE_TARNAME "parallel"
#define PACKAGE_VERSION "20121122"
#define PACKAGE_STRING "parallel 20121122"
#define PACKAGE_BUGREPORT "bug-parallel@gnu.org"
#define PACKAGE_URL ""
#define PACKAGE "parallel"
#define VERSION "20121122"

configure: exit 0
